<?xml version="1.0" encoding="utf-8" standalone="no"?>
<test-run id="2" testcasecount="17" result="Passed" total="17" passed="17" failed="0" inconclusive="0" skipped="0" asserts="50" engine-version="3.9.0.0" clr-version="4.0.30319.42000" start-time="2018-11-07 09:45:11Z" end-time="2018-11-07 09:45:22Z" duration="10.845711">
  <command-line><![CDATA["C:\Final\Middleware\ProjectManager\packages\NUnit.ConsoleRunner.3.9.0\tools\nunit3-console.exe" --noheader "C:\Final\Middleware\ProjectManager\ProjectManager.API.Tests\bin\Debug\ProjectManager.API.Tests.dll"]]></command-line>
  <test-suite type="Assembly" id="0-1020" name="ProjectManager.API.Tests.dll" fullname="ProjectManager.API.Tests.dll" runstate="Runnable" testcasecount="17" result="Passed" start-time="2018-11-07 09:45:18Z" end-time="2018-11-07 09:45:22Z" duration="3.276307" total="17" passed="17" failed="0" warnings="0" inconclusive="0" skipped="0" asserts="50">
    <environment framework-version="3.11.0.0" clr-version="4.0.30319.42000" os-version="Microsoft Windows NT 10.0.17134.0" platform="Win32NT" cwd="C:\Final\Middleware\ProjectManager" machine-name="DOTNET" user="Admin" user-domain="DOTNET" culture="en-IN" uiculture="en-US" os-architecture="x64" />
    <settings>
      <setting name="DisposeRunners" value="True" />
      <setting name="WorkDirectory" value="C:\Final\Middleware\ProjectManager" />
      <setting name="ImageRuntimeVersion" value="4.0.30319" />
      <setting name="ImageTargetFrameworkName" value=".NETFramework,Version=v4.5.2" />
      <setting name="ImageRequiresX86" value="False" />
      <setting name="ImageRequiresDefaultAppDomainAssemblyResolver" value="False" />
      <setting name="NumberOfTestWorkers" value="3" />
    </settings>
    <properties>
      <property name="_PID" value="13720" />
      <property name="_APPDOMAIN" value="domain-" />
    </properties>
    <test-suite type="TestSuite" id="0-1021" name="ProjectManager" fullname="ProjectManager" runstate="Runnable" testcasecount="10" result="Passed" start-time="2018-11-07 09:45:18Z" end-time="2018-11-07 09:45:21Z" duration="2.974878" total="10" passed="10" failed="0" warnings="0" inconclusive="0" skipped="0" asserts="29">
      <test-suite type="TestSuite" id="0-1022" name="API" fullname="ProjectManager.API" runstate="Runnable" testcasecount="10" result="Passed" start-time="2018-11-07 09:45:18Z" end-time="2018-11-07 09:45:21Z" duration="2.972308" total="10" passed="10" failed="0" warnings="0" inconclusive="0" skipped="0" asserts="29">
        <test-suite type="TestSuite" id="0-1023" name="Tests" fullname="ProjectManager.API.Tests" runstate="Runnable" testcasecount="10" result="Passed" start-time="2018-11-07 09:45:18Z" end-time="2018-11-07 09:45:21Z" duration="2.972234" total="10" passed="10" failed="0" warnings="0" inconclusive="0" skipped="0" asserts="29">
          <test-suite type="TestFixture" id="0-1000" name="TestProjectController" fullname="ProjectManager.API.Tests.TestProjectController" classname="ProjectManager.API.Tests.TestProjectController" runstate="Runnable" testcasecount="5" result="Passed" start-time="2018-11-07 09:45:18Z" end-time="2018-11-07 09:45:21Z" duration="2.847811" total="5" passed="5" failed="0" warnings="0" inconclusive="0" skipped="0" asserts="15">
            <test-case id="0-1003" name="AddProject" fullname="ProjectManager.API.Tests.TestProjectController.AddProject" methodname="AddProject" classname="ProjectManager.API.Tests.TestProjectController" runstate="Runnable" seed="30190149" result="Passed" start-time="2018-11-07 09:45:18Z" end-time="2018-11-07 09:45:21Z" duration="2.485168" asserts="2" />
            <test-case id="0-1005" name="DeleteProject" fullname="ProjectManager.API.Tests.TestProjectController.DeleteProject" methodname="DeleteProject" classname="ProjectManager.API.Tests.TestProjectController" runstate="Runnable" seed="637319128" result="Passed" start-time="2018-11-07 09:45:21Z" end-time="2018-11-07 09:45:21Z" duration="0.040549" asserts="3" />
            <test-case id="0-1001" name="GetAllProjects_ReturnAllProjects" fullname="ProjectManager.API.Tests.TestProjectController.GetAllProjects_ReturnAllProjects" methodname="GetAllProjects_ReturnAllProjects" classname="ProjectManager.API.Tests.TestProjectController" runstate="Runnable" seed="1573743752" result="Passed" start-time="2018-11-07 09:45:21Z" end-time="2018-11-07 09:45:21Z" duration="0.194346" asserts="3" />
            <test-case id="0-1002" name="GetProjectById_ReturnProject" fullname="ProjectManager.API.Tests.TestProjectController.GetProjectById_ReturnProject" methodname="GetProjectById_ReturnProject" classname="ProjectManager.API.Tests.TestProjectController" runstate="Runnable" seed="1752294224" result="Passed" start-time="2018-11-07 09:45:21Z" end-time="2018-11-07 09:45:21Z" duration="0.041091" asserts="3" />
            <test-case id="0-1004" name="UpdateProject" fullname="ProjectManager.API.Tests.TestProjectController.UpdateProject" methodname="UpdateProject" classname="ProjectManager.API.Tests.TestProjectController" runstate="Runnable" seed="1071523579" result="Passed" start-time="2018-11-07 09:45:21Z" end-time="2018-11-07 09:45:21Z" duration="0.036510" asserts="4" />
          </test-suite>
          <test-suite type="TestFixture" id="0-1006" name="TestUserController" fullname="ProjectManager.API.Tests.TestUserController" classname="ProjectManager.API.Tests.TestUserController" runstate="Runnable" testcasecount="5" result="Passed" start-time="2018-11-07 09:45:21Z" end-time="2018-11-07 09:45:21Z" duration="0.105149" total="5" passed="5" failed="0" warnings="0" inconclusive="0" skipped="0" asserts="14">
            <test-case id="0-1009" name="AddUser" fullname="ProjectManager.API.Tests.TestUserController.AddUser" methodname="AddUser" classname="ProjectManager.API.Tests.TestUserController" runstate="Runnable" seed="1648780484" result="Passed" start-time="2018-11-07 09:45:21Z" end-time="2018-11-07 09:45:21Z" duration="0.018783" asserts="2" />
            <test-case id="0-1011" name="DeleteUser" fullname="ProjectManager.API.Tests.TestUserController.DeleteUser" methodname="DeleteUser" classname="ProjectManager.API.Tests.TestUserController" runstate="Runnable" seed="1747224837" result="Passed" start-time="2018-11-07 09:45:21Z" end-time="2018-11-07 09:45:21Z" duration="0.015845" asserts="3" />
            <test-case id="0-1007" name="GetAllUsers_ReturnAllUsers" fullname="ProjectManager.API.Tests.TestUserController.GetAllUsers_ReturnAllUsers" methodname="GetAllUsers_ReturnAllUsers" classname="ProjectManager.API.Tests.TestUserController" runstate="Runnable" seed="897736380" result="Passed" start-time="2018-11-07 09:45:21Z" end-time="2018-11-07 09:45:21Z" duration="0.023103" asserts="3" />
            <test-case id="0-1008" name="GetUserById_ReturnUser" fullname="ProjectManager.API.Tests.TestUserController.GetUserById_ReturnUser" methodname="GetUserById_ReturnUser" classname="ProjectManager.API.Tests.TestUserController" runstate="Runnable" seed="550117575" result="Passed" start-time="2018-11-07 09:45:21Z" end-time="2018-11-07 09:45:21Z" duration="0.027295" asserts="3" />
            <test-case id="0-1010" name="Updateuser" fullname="ProjectManager.API.Tests.TestUserController.Updateuser" methodname="Updateuser" classname="ProjectManager.API.Tests.TestUserController" runstate="Runnable" seed="1404484601" result="Passed" start-time="2018-11-07 09:45:21Z" end-time="2018-11-07 09:45:21Z" duration="0.019014" asserts="3" />
          </test-suite>
        </test-suite>
      </test-suite>
    </test-suite>
    <test-suite type="TestSuite" id="0-1024" name="TaskManager" fullname="TaskManager" runstate="Runnable" testcasecount="7" result="Passed" start-time="2018-11-07 09:45:18Z" end-time="2018-11-07 09:45:22Z" duration="3.215203" total="7" passed="7" failed="0" warnings="0" inconclusive="0" skipped="0" asserts="21">
      <test-suite type="TestSuite" id="0-1025" name="Tests" fullname="TaskManager.Tests" runstate="Runnable" testcasecount="7" result="Passed" start-time="2018-11-07 09:45:18Z" end-time="2018-11-07 09:45:22Z" duration="3.215114" total="7" passed="7" failed="0" warnings="0" inconclusive="0" skipped="0" asserts="21">
        <test-suite type="TestFixture" id="0-1012" name="TestTaskController" fullname="TaskManager.Tests.TestTaskController" classname="TaskManager.Tests.TestTaskController" runstate="Runnable" testcasecount="7" result="Passed" start-time="2018-11-07 09:45:21Z" end-time="2018-11-07 09:45:22Z" duration="0.242951" total="7" passed="7" failed="0" warnings="0" inconclusive="0" skipped="0" asserts="21">
          <test-case id="0-1017" name="AddTask" fullname="TaskManager.Tests.TestTaskController.AddTask" methodname="AddTask" classname="TaskManager.Tests.TestTaskController" runstate="Runnable" seed="216718286" result="Passed" start-time="2018-11-07 09:45:21Z" end-time="2018-11-07 09:45:21Z" duration="0.030884" asserts="2" />
          <test-case id="0-1019" name="EndTask" fullname="TaskManager.Tests.TestTaskController.EndTask" methodname="EndTask" classname="TaskManager.Tests.TestTaskController" runstate="Runnable" seed="1180323508" result="Passed" start-time="2018-11-07 09:45:21Z" end-time="2018-11-07 09:45:21Z" duration="0.018241" asserts="3" />
          <test-case id="0-1013" name="GetAllTasks_ReturnAllTasks" fullname="TaskManager.Tests.TestTaskController.GetAllTasks_ReturnAllTasks" methodname="GetAllTasks_ReturnAllTasks" classname="TaskManager.Tests.TestTaskController" runstate="Runnable" seed="1196081827" result="Passed" start-time="2018-11-07 09:45:21Z" end-time="2018-11-07 09:45:21Z" duration="0.065226" asserts="3" />
          <test-case id="0-1014" name="GetParentTasks" fullname="TaskManager.Tests.TestTaskController.GetParentTasks" methodname="GetParentTasks" classname="TaskManager.Tests.TestTaskController" runstate="Runnable" seed="1613494508" result="Passed" start-time="2018-11-07 09:45:21Z" end-time="2018-11-07 09:45:21Z" duration="0.034304" asserts="3" />
          <test-case id="0-1016" name="GetTaskById_ReturnTask" fullname="TaskManager.Tests.TestTaskController.GetTaskById_ReturnTask" methodname="GetTaskById_ReturnTask" classname="TaskManager.Tests.TestTaskController" runstate="Runnable" seed="1866118720" result="Passed" start-time="2018-11-07 09:45:21Z" end-time="2018-11-07 09:45:22Z" duration="0.036736" asserts="3" />
          <test-case id="0-1015" name="GetTasksByProjectId_ReturnTask" fullname="TaskManager.Tests.TestTaskController.GetTasksByProjectId_ReturnTask" methodname="GetTasksByProjectId_ReturnTask" classname="TaskManager.Tests.TestTaskController" runstate="Runnable" seed="474198271" result="Passed" start-time="2018-11-07 09:45:22Z" end-time="2018-11-07 09:45:22Z" duration="0.032771" asserts="3" />
          <test-case id="0-1018" name="UpdateTask" fullname="TaskManager.Tests.TestTaskController.UpdateTask" methodname="UpdateTask" classname="TaskManager.Tests.TestTaskController" runstate="Runnable" seed="1519063882" result="Passed" start-time="2018-11-07 09:45:22Z" end-time="2018-11-07 09:45:22Z" duration="0.022495" asserts="4" />
        </test-suite>
      </test-suite>
    </test-suite>
  </test-suite>
</test-run>